# JRE version: OpenJDK Runtime Environment (17.0.11) (build 17.0.11+0--11852314)
# Java VM: OpenJDK 64-Bit Server VM (17.0.11+0--11852314, mixed mode, tiered, compressed oops, compressed class ptrs, g1 gc, windows-amd64)
GC Precious Log:
 CPUs: 4 total, 4 available
 Memory: 3819M
 Large Page Support: Disabled
 NUMA Support: Disabled
 Compressed Oops: Enabled (32-bit)
 Heap Region Size: 1M
 Heap Min Capacity: 8M
 Heap Initial Capacity: 60M
 Heap Max Capacity: 2G
 Pre-touch: Disabled
 Parallel Workers: 4
 Concurrent Workers: 1
 Concurrent Refinement Workers: 4
 Periodic GC: Disabled
Heap:
 garbage-first heap   total 299008K, used 125866K [0x0000000080000000, 0x0000000100000000)
  region size 1024K, 6 young (6144K), 6 survivors (6144K)
 Metaspace       used 143278K, committed 144192K, reserved 1179648K
  class space    used 19194K, committed 19648K, reserved 1048576K
GC Heap History (20 events):
Event: 62.962 GC heap after
{Heap after GC invocations=58 (full 0):
 garbage-first heap   total 226304K, used 143315K [0x0000000080000000, 0x0000000100000000)
  region size 1024K, 6 young (6144K), 6 survivors (6144K)
 Metaspace       used 108222K, committed 109056K, reserved 1179648K
  class space    used 14473K, committed 14912K, reserved 1048576K
}
Event: 66.729 GC heap before
{Heap before GC invocations=58 (full 0):
 garbage-first heap   total 226304K, used 185299K [0x0000000080000000, 0x0000000100000000)
  region size 1024K, 48 young (49152K), 6 survivors (6144K)
 Metaspace       used 108501K, committed 109312K, reserved 1179648K
  class space    used 14506K, committed 14912K, reserved 1048576K
}
Event: 66.742 GC heap after
{Heap after GC invocations=59 (full 0):
 garbage-first heap   total 226304K, used 148480K [0x0000000080000000, 0x0000000100000000)
  region size 1024K, 6 young (6144K), 6 survivors (6144K)
 Metaspace       used 108501K, committed 109312K, reserved 1179648K
  class space    used 14506K, committed 14912K, reserved 1048576K
}
Event: 67.235 GC heap before
{Heap before GC invocations=59 (full 0):
 garbage-first heap   total 226304K, used 188416K [0x0000000080000000, 0x0000000100000000)
  region size 1024K, 44 young (45056K), 6 survivors (6144K)
 Metaspace       used 109962K, committed 110784K, reserved 1179648K
  class space    used 14706K, committed 15104K, reserved 1048576K
}
Event: 67.244 GC heap after
{Heap after GC invocations=60 (full 0):
 garbage-first heap   total 226304K, used 150324K [0x0000000080000000, 0x0000000100000000)
  region size 1024K, 3 young (3072K), 3 survivors (3072K)
 Metaspace       used 109962K, committed 110784K, reserved 1179648K
  class space    used 14706K, committed 15104K, reserved 1048576K
}
Event: 67.755 GC heap before
{Heap before GC invocations=60 (full 0):
 garbage-first heap   total 226304K, used 187188K [0x0000000080000000, 0x0000000100000000)
  region size 1024K, 40 young (40960K), 3 survivors (3072K)
 Metaspace       used 113710K, committed 114560K, reserved 1179648K
  class space    used 15254K, committed 15680K, reserved 1048576K
}
Event: 67.766 GC heap after
{Heap after GC invocations=61 (full 0):
 garbage-first heap   total 272384K, used 154261K [0x0000000080000000, 0x0000000100000000)
  region size 1024K, 5 young (5120K), 5 survivors (5120K)
 Metaspace       used 113710K, committed 114560K, reserved 1179648K
  class space    used 15254K, committed 15680K, reserved 1048576K
}
Event: 68.087 GC heap before
{Heap before GC invocations=61 (full 0):
 garbage-first heap   total 272384K, used 190101K [0x0000000080000000, 0x0000000100000000)
  region size 1024K, 42 young (43008K), 5 survivors (5120K)
 Metaspace       used 117259K, committed 118016K, reserved 1179648K
  class space    used 15749K, committed 16128K, reserved 1048576K
}
Event: 68.103 GC heap after
{Heap after GC invocations=62 (full 0):
 garbage-first heap   total 272384K, used 158357K [0x0000000080000000, 0x0000000100000000)
  region size 1024K, 9 young (9216K), 9 survivors (9216K)
 Metaspace       used 117259K, committed 118016K, reserved 1179648K
  class space    used 15749K, committed 16128K, reserved 1048576K
}
Event: 69.557 GC heap before
{Heap before GC invocations=63 (full 0):
 garbage-first heap   total 299008K, used 194197K [0x0000000080000000, 0x0000000100000000)
  region size 1024K, 67 young (68608K), 9 survivors (9216K)
 Metaspace       used 122882K, committed 123712K, reserved 1179648K
  class space    used 16667K, committed 17088K, reserved 1048576K
}
Event: 69.618 GC heap after
{Heap after GC invocations=64 (full 0):
 garbage-first heap   total 299008K, used 138661K [0x0000000080000000, 0x0000000100000000)
  region size 1024K, 7 young (7168K), 7 survivors (7168K)
 Metaspace       used 122882K, committed 123712K, reserved 1179648K
  class space    used 16667K, committed 17088K, reserved 1048576K
}
Event: 69.670 GC heap before
{Heap before GC invocations=64 (full 0):
 garbage-first heap   total 299008K, used 145829K [0x0000000080000000, 0x0000000100000000)
  region size 1024K, 14 young (14336K), 7 survivors (7168K)
 Metaspace       used 123072K, committed 123904K, reserved 1179648K
  class space    used 16678K, committed 17088K, reserved 1048576K
}
Event: 69.750 GC heap after
{Heap after GC invocations=65 (full 0):
 garbage-first heap   total 299008K, used 116032K [0x0000000080000000, 0x0000000100000000)
  region size 1024K, 2 young (2048K), 2 survivors (2048K)
 Metaspace       used 123072K, committed 123904K, reserved 1179648K
  class space    used 16678K, committed 17088K, reserved 1048576K
}
Event: 73.673 GC heap before
{Heap before GC invocations=65 (full 0):
 garbage-first heap   total 299008K, used 231744K [0x0000000080000000, 0x0000000100000000)
  region size 1024K, 110 young (112640K), 2 survivors (2048K)
 Metaspace       used 129145K, committed 130048K, reserved 1179648K
  class space    used 17595K, committed 18048K, reserved 1048576K
}
Event: 73.723 GC heap after
{Heap after GC invocations=66 (full 0):
 garbage-first heap   total 299008K, used 121287K [0x0000000080000000, 0x0000000100000000)
  region size 1024K, 4 young (4096K), 4 survivors (4096K)
 Metaspace       used 129145K, committed 130048K, reserved 1179648K
  class space    used 17595K, committed 18048K, reserved 1048576K
}
Event: 298.588 GC heap before
{Heap before GC invocations=67 (full 0):
 garbage-first heap   total 299008K, used 244167K [0x0000000080000000, 0x0000000100000000)
  region size 1024K, 117 young (119808K), 4 survivors (4096K)
 Metaspace       used 136087K, committed 137024K, reserved 1179648K
  class space    used 18270K, committed 18752K, reserved 1048576K
}
Event: 298.816 GC heap after
{Heap after GC invocations=68 (full 0):
 garbage-first heap   total 299008K, used 124157K [0x0000000080000000, 0x0000000100000000)
  region size 1024K, 10 young (10240K), 10 survivors (10240K)
 Metaspace       used 136087K, committed 137024K, reserved 1179648K
  class space    used 18270K, committed 18752K, reserved 1048576K
}
Event: 299.013 GC heap before
{Heap before GC invocations=68 (full 0):
 garbage-first heap   total 299008K, used 127229K [0x0000000080000000, 0x0000000100000000)
  region size 1024K, 14 young (14336K), 10 survivors (10240K)
 Metaspace       used 136138K, committed 137088K, reserved 1179648K
  class space    used 18275K, committed 18752K, reserved 1048576K
}
Event: 299.148 GC heap after
{Heap after GC invocations=69 (full 0):
 garbage-first heap   total 299008K, used 121466K [0x0000000080000000, 0x0000000100000000)
  region size 1024K, 2 young (2048K), 2 survivors (2048K)
 Metaspace       used 136138K, committed 137088K, reserved 1179648K
  class space    used 18275K, committed 18752K, reserved 1048576K
}
Event: 303.442 GC heap before
{Heap before GC invocations=69 (full 0):
 garbage-first heap   total 299008K, used 172666K [0x0000000080000000, 0x0000000100000000)
  region size 1024K, 54 young (55296K), 2 survivors (2048K)
 Metaspace       used 143278K, committed 144192K, reserved 1179648K
  class space    used 19194K, committed 19648K, reserved 1048576K
}

