# JRE version: OpenJDK Runtime Environment (17.0.11) (build 17.0.11+0--11852314)
# Java VM: OpenJDK 64-Bit Server VM (17.0.11+0--11852314, mixed mode, tiered, compressed oops, compressed class ptrs, g1 gc, windows-amd64)
GC Precious Log:
 CPUs: 4 total, 4 available
 Memory: 3819M
 Large Page Support: Disabled
 NUMA Support: Disabled
 Compressed Oops: Enabled (32-bit)
 Heap Region Size: 1M
 Heap Min Capacity: 8M
 Heap Initial Capacity: 60M
 Heap Max Capacity: 2G
 Pre-touch: Disabled
 Parallel Workers: 4
 Concurrent Workers: 1
 Concurrent Refinement Workers: 4
 Periodic GC: Disabled
Heap:
 garbage-first heap   total 195584K, used 114176K [0x0000000080000000, 0x0000000100000000)
  region size 1024K, 1 young (1024K), 1 survivors (1024K)
 Metaspace       used 100669K, committed 101440K, reserved 1179648K
  class space    used 13759K, committed 14144K, reserved 1048576K
GC Heap History (20 events):
Event: 23.619 GC heap after
{Heap after GC invocations=41 (full 0):
 garbage-first heap   total 119808K, used 61412K [0x0000000080000000, 0x0000000100000000)
  region size 1024K, 1 young (1024K), 1 survivors (1024K)
 Metaspace       used 72940K, committed 73536K, reserved 1114112K
  class space    used 9832K, committed 10112K, reserved 1048576K
}
Event: 24.052 GC heap before
{Heap before GC invocations=41 (full 0):
 garbage-first heap   total 119808K, used 88036K [0x0000000080000000, 0x0000000100000000)
  region size 1024K, 27 young (27648K), 1 survivors (1024K)
 Metaspace       used 76349K, committed 76928K, reserved 1179648K
  class space    used 10303K, committed 10560K, reserved 1048576K
}
Event: 24.056 GC heap after
{Heap after GC invocations=42 (full 0):
 garbage-first heap   total 195584K, used 61972K [0x0000000080000000, 0x0000000100000000)
  region size 1024K, 1 young (1024K), 1 survivors (1024K)
 Metaspace       used 76349K, committed 76928K, reserved 1179648K
  class space    used 10303K, committed 10560K, reserved 1048576K
}
Event: 28.907 GC heap before
{Heap before GC invocations=43 (full 0):
 garbage-first heap   total 195584K, used 135700K [0x0000000080000000, 0x0000000100000000)
  region size 1024K, 72 young (73728K), 1 survivors (1024K)
 Metaspace       used 80798K, committed 81408K, reserved 1179648K
  class space    used 10920K, committed 11200K, reserved 1048576K
}
Event: 28.948 GC heap after
{Heap after GC invocations=44 (full 0):
 garbage-first heap   total 195584K, used 66537K [0x0000000080000000, 0x0000000100000000)
  region size 1024K, 6 young (6144K), 6 survivors (6144K)
 Metaspace       used 80798K, committed 81408K, reserved 1179648K
  class space    used 10920K, committed 11200K, reserved 1048576K
}
Event: 29.064 GC heap before
{Heap before GC invocations=44 (full 0):
 garbage-first heap   total 195584K, used 68585K [0x0000000080000000, 0x0000000100000000)
  region size 1024K, 9 young (9216K), 6 survivors (6144K)
 Metaspace       used 81008K, committed 81600K, reserved 1179648K
  class space    used 10967K, committed 11264K, reserved 1048576K
}
Event: 29.114 GC heap after
{Heap after GC invocations=45 (full 0):
 garbage-first heap   total 195584K, used 67008K [0x0000000080000000, 0x0000000100000000)
  region size 1024K, 1 young (1024K), 1 survivors (1024K)
 Metaspace       used 81008K, committed 81600K, reserved 1179648K
  class space    used 10967K, committed 11264K, reserved 1048576K
}
Event: 33.910 GC heap before
{Heap before GC invocations=45 (full 0):
 garbage-first heap   total 195584K, used 141760K [0x0000000080000000, 0x0000000100000000)
  region size 1024K, 74 young (75776K), 1 survivors (1024K)
 Metaspace       used 86666K, committed 87232K, reserved 1179648K
  class space    used 11929K, committed 12224K, reserved 1048576K
}
Event: 33.945 GC heap after
{Heap after GC invocations=46 (full 0):
 garbage-first heap   total 195584K, used 69734K [0x0000000080000000, 0x0000000100000000)
  region size 1024K, 4 young (4096K), 4 survivors (4096K)
 Metaspace       used 86666K, committed 87232K, reserved 1179648K
  class space    used 11929K, committed 12224K, reserved 1048576K
}
Event: 38.478 GC heap before
{Heap before GC invocations=46 (full 0):
 garbage-first heap   total 195584K, used 148582K [0x0000000080000000, 0x0000000100000000)
  region size 1024K, 81 young (82944K), 4 survivors (4096K)
 Metaspace       used 92987K, committed 93696K, reserved 1179648K
  class space    used 12845K, committed 13184K, reserved 1048576K
}
Event: 38.516 GC heap after
{Heap after GC invocations=47 (full 0):
 garbage-first heap   total 195584K, used 74158K [0x0000000080000000, 0x0000000100000000)
  region size 1024K, 8 young (8192K), 8 survivors (8192K)
 Metaspace       used 92987K, committed 93696K, reserved 1179648K
  class space    used 12845K, committed 13184K, reserved 1048576K
}
Event: 45.448 GC heap before
{Heap before GC invocations=48 (full 0):
 garbage-first heap   total 195584K, used 156078K [0x0000000080000000, 0x0000000100000000)
  region size 1024K, 84 young (86016K), 8 survivors (8192K)
 Metaspace       used 97707K, committed 98432K, reserved 1179648K
  class space    used 13420K, committed 13760K, reserved 1048576K
}
Event: 45.588 GC heap after
{Heap after GC invocations=49 (full 0):
 garbage-first heap   total 195584K, used 82613K [0x0000000080000000, 0x0000000100000000)
  region size 1024K, 11 young (11264K), 11 survivors (11264K)
 Metaspace       used 97707K, committed 98432K, reserved 1179648K
  class space    used 13420K, committed 13760K, reserved 1048576K
}
Event: 45.732 GC heap before
{Heap before GC invocations=49 (full 0):
 garbage-first heap   total 195584K, used 83637K [0x0000000080000000, 0x0000000100000000)
  region size 1024K, 12 young (12288K), 11 survivors (11264K)
 Metaspace       used 97708K, committed 98432K, reserved 1179648K
  class space    used 13420K, committed 13760K, reserved 1048576K
}
Event: 46.178 GC heap after
{Heap after GC invocations=50 (full 0):
 garbage-first heap   total 195584K, used 83831K [0x0000000080000000, 0x0000000100000000)
  region size 1024K, 2 young (2048K), 2 survivors (2048K)
 Metaspace       used 97708K, committed 98432K, reserved 1179648K
  class space    used 13420K, committed 13760K, reserved 1048576K
}
Event: 52.326 GC heap before
{Heap before GC invocations=50 (full 0):
 garbage-first heap   total 195584K, used 120695K [0x0000000080000000, 0x0000000100000000)
  region size 1024K, 40 young (40960K), 2 survivors (2048K)
 Metaspace       used 98593K, committed 99328K, reserved 1179648K
  class space    used 13558K, committed 13888K, reserved 1048576K
}
Event: 52.405 GC heap after
{Heap after GC invocations=51 (full 0):
 garbage-first heap   total 195584K, used 85903K [0x0000000080000000, 0x0000000100000000)
  region size 1024K, 4 young (4096K), 4 survivors (4096K)
 Metaspace       used 98593K, committed 99328K, reserved 1179648K
  class space    used 13558K, committed 13888K, reserved 1048576K
}
Event: 56.717 GC heap before
{Heap before GC invocations=52 (full 0):
 garbage-first heap   total 195584K, used 146319K [0x0000000080000000, 0x0000000100000000)
  region size 1024K, 55 young (56320K), 4 survivors (4096K)
 Metaspace       used 100479K, committed 101184K, reserved 1179648K
  class space    used 13742K, committed 14080K, reserved 1048576K
}
Event: 57.010 GC heap after
{Heap after GC invocations=53 (full 0):
 garbage-first heap   total 195584K, used 113335K [0x0000000080000000, 0x0000000100000000)
  region size 1024K, 7 young (7168K), 7 survivors (7168K)
 Metaspace       used 100479K, committed 101184K, reserved 1179648K
  class space    used 13742K, committed 14080K, reserved 1048576K
}
Event: 58.043 GC heap before
{Heap before GC invocations=53 (full 0):
 garbage-first heap   total 195584K, used 124599K [0x0000000080000000, 0x0000000100000000)
  region size 1024K, 9 young (9216K), 7 survivors (7168K)
 Metaspace       used 100669K, committed 101440K, reserved 1179648K
  class space    used 13759K, committed 14144K, reserved 1048576K
}

