# JRE version: OpenJDK Runtime Environment (17.0.11) (build 17.0.11+0--11852314)
# Java VM: OpenJDK 64-Bit Server VM (17.0.11+0--11852314, mixed mode, tiered, compressed oops, compressed class ptrs, g1 gc, windows-amd64)
GC Precious Log:
 CPUs: 4 total, 4 available
 Memory: 3819M
 Large Page Support: Disabled
 NUMA Support: Disabled
 Compressed Oops: Enabled (32-bit)
 Heap Region Size: 1M
 Heap Min Capacity: 8M
 Heap Initial Capacity: 60M
 Heap Max Capacity: 2G
 Pre-touch: Disabled
 Parallel Workers: 4
 Concurrent Workers: 1
 Concurrent Refinement Workers: 4
 Periodic GC: Disabled
Heap:
 garbage-first heap   total 504832K, used 124416K [0x0000000080000000, 0x0000000100000000)
  region size 1024K, 3 young (3072K), 3 survivors (3072K)
 Metaspace       used 136216K, committed 137152K, reserved 1179648K
  class space    used 18658K, committed 19136K, reserved 1048576K
GC Heap History (20 events):
Event: 29.326 GC heap after
{Heap after GC invocations=53 (full 0):
 garbage-first heap   total 504832K, used 89555K [0x0000000080000000, 0x0000000100000000)
  region size 1024K, 6 young (6144K), 6 survivors (6144K)
 Metaspace       used 98909K, committed 99648K, reserved 1179648K
  class space    used 13576K, committed 13952K, reserved 1048576K
}
Event: 35.537 GC heap before
{Heap before GC invocations=54 (full 0):
 garbage-first heap   total 324608K, used 278995K [0x0000000080000000, 0x0000000100000000)
  region size 1024K, 190 young (194560K), 6 survivors (6144K)
 Metaspace       used 113321K, committed 114048K, reserved 1179648K
  class space    used 15516K, committed 15872K, reserved 1048576K
}
Event: 35.727 GC heap after
{Heap after GC invocations=55 (full 0):
 garbage-first heap   total 324608K, used 98609K [0x0000000080000000, 0x0000000100000000)
  region size 1024K, 13 young (13312K), 13 survivors (13312K)
 Metaspace       used 113321K, committed 114048K, reserved 1179648K
  class space    used 15516K, committed 15872K, reserved 1048576K
}
Event: 36.277 GC heap before
{Heap before GC invocations=55 (full 0):
 garbage-first heap   total 324608K, used 100657K [0x0000000080000000, 0x0000000100000000)
  region size 1024K, 15 young (15360K), 13 survivors (13312K)
 Metaspace       used 113558K, committed 114304K, reserved 1179648K
  class space    used 15547K, committed 15936K, reserved 1048576K
}
Event: 37.199 GC heap after
{Heap after GC invocations=56 (full 0):
 garbage-first heap   total 324608K, used 95132K [0x0000000080000000, 0x0000000100000000)
  region size 1024K, 2 young (2048K), 2 survivors (2048K)
 Metaspace       used 113558K, committed 114304K, reserved 1179648K
  class space    used 15547K, committed 15936K, reserved 1048576K
}
Event: 39.751 GC heap before
{Heap before GC invocations=56 (full 0):
 garbage-first heap   total 324608K, used 119708K [0x0000000080000000, 0x0000000100000000)
  region size 1024K, 27 young (27648K), 2 survivors (2048K)
 Metaspace       used 116839K, committed 117632K, reserved 1179648K
  class space    used 16039K, committed 16384K, reserved 1048576K
}
Event: 39.754 GC heap after
{Heap after GC invocations=57 (full 0):
 garbage-first heap   total 324608K, used 94369K [0x0000000080000000, 0x0000000100000000)
  region size 1024K, 1 young (1024K), 1 survivors (1024K)
 Metaspace       used 116839K, committed 117632K, reserved 1179648K
  class space    used 16039K, committed 16384K, reserved 1048576K
}
Event: 40.948 GC heap before
{Heap before GC invocations=57 (full 0):
 garbage-first heap   total 324608K, used 151713K [0x0000000080000000, 0x0000000100000000)
  region size 1024K, 58 young (59392K), 1 survivors (1024K)
 Metaspace       used 123922K, committed 124800K, reserved 1179648K
  class space    used 17232K, committed 17664K, reserved 1048576K
}
Event: 40.963 GC heap after
{Heap after GC invocations=58 (full 0):
 garbage-first heap   total 324608K, used 96026K [0x0000000080000000, 0x0000000100000000)
  region size 1024K, 3 young (3072K), 3 survivors (3072K)
 Metaspace       used 123922K, committed 124800K, reserved 1179648K
  class space    used 17232K, committed 17664K, reserved 1048576K
}
Event: 42.584 GC heap before
{Heap before GC invocations=58 (full 0):
 garbage-first heap   total 324608K, used 145178K [0x0000000080000000, 0x0000000100000000)
  region size 1024K, 53 young (54272K), 3 survivors (3072K)
 Metaspace       used 127608K, committed 128448K, reserved 1179648K
  class space    used 17804K, committed 18240K, reserved 1048576K
}
Event: 42.599 GC heap after
{Heap after GC invocations=59 (full 0):
 garbage-first heap   total 324608K, used 100710K [0x0000000080000000, 0x0000000100000000)
  region size 1024K, 7 young (7168K), 7 survivors (7168K)
 Metaspace       used 127608K, committed 128448K, reserved 1179648K
  class space    used 17804K, committed 18240K, reserved 1048576K
}
Event: 44.926 GC heap before
{Heap before GC invocations=60 (full 0):
 garbage-first heap   total 324608K, used 154982K [0x0000000080000000, 0x0000000100000000)
  region size 1024K, 49 young (50176K), 7 survivors (7168K)
 Metaspace       used 133590K, committed 134400K, reserved 1179648K
  class space    used 18426K, committed 18816K, reserved 1048576K
}
Event: 45.041 GC heap after
{Heap after GC invocations=61 (full 0):
 garbage-first heap   total 324608K, used 101494K [0x0000000080000000, 0x0000000100000000)
  region size 1024K, 2 young (2048K), 2 survivors (2048K)
 Metaspace       used 133590K, committed 134400K, reserved 1179648K
  class space    used 18426K, committed 18816K, reserved 1048576K
}
Event: 364.643 GC heap before
{Heap before GC invocations=61 (full 0):
 garbage-first heap   total 324608K, used 114806K [0x0000000080000000, 0x0000000100000000)
  region size 1024K, 15 young (15360K), 2 survivors (2048K)
 Metaspace       used 133878K, committed 134720K, reserved 1179648K
  class space    used 18443K, committed 18880K, reserved 1048576K
}
Event: 364.963 GC heap after
{Heap after GC invocations=62 (full 0):
 garbage-first heap   total 324608K, used 100286K [0x0000000080000000, 0x0000000100000000)
  region size 1024K, 2 young (2048K), 2 survivors (2048K)
 Metaspace       used 133878K, committed 134720K, reserved 1179648K
  class space    used 18443K, committed 18880K, reserved 1048576K
}
Event: 376.839 GC heap before
{Heap before GC invocations=62 (full 0):
 garbage-first heap   total 324608K, used 154558K [0x0000000080000000, 0x0000000100000000)
  region size 1024K, 57 young (58368K), 2 survivors (2048K)
 Metaspace       used 134757K, committed 135616K, reserved 1179648K
  class space    used 18497K, committed 18944K, reserved 1048576K
}
Event: 376.908 GC heap after
{Heap after GC invocations=63 (full 0):
 garbage-first heap   total 324608K, used 106472K [0x0000000080000000, 0x0000000100000000)
  region size 1024K, 8 young (8192K), 8 survivors (8192K)
 Metaspace       used 134757K, committed 135616K, reserved 1179648K
  class space    used 18497K, committed 18944K, reserved 1048576K
}
Event: 377.514 GC heap before
{Heap before GC invocations=63 (full 0):
 garbage-first heap   total 324608K, used 124904K [0x0000000080000000, 0x0000000100000000)
  region size 1024K, 25 young (25600K), 8 survivors (8192K)
 Metaspace       used 136015K, committed 136896K, reserved 1179648K
  class space    used 18629K, committed 19072K, reserved 1048576K
}
Event: 377.630 GC heap after
{Heap after GC invocations=64 (full 0):
 garbage-first heap   total 324608K, used 116874K [0x0000000080000000, 0x0000000100000000)
  region size 1024K, 4 young (4096K), 4 survivors (4096K)
 Metaspace       used 136015K, committed 136896K, reserved 1179648K
  class space    used 18629K, committed 19072K, reserved 1048576K
}
Event: 381.911 GC heap before
{Heap before GC invocations=64 (full 0):
 garbage-first heap   total 324608K, used 130186K [0x0000000080000000, 0x0000000100000000)
  region size 1024K, 18 young (18432K), 4 survivors (4096K)
 Metaspace       used 136216K, committed 137152K, reserved 1179648K
  class space    used 18658K, committed 19136K, reserved 1048576K
}

